0 info it worked if it ends with ok
1 verbose cli [ '/usr/bin/node', '/usr/bin/npm', 'install' ]
2 info using npm@2.14.9
3 info using node@v0.12.9
4 verbose node symlink /usr/bin/node
5 verbose readDependencies loading dependencies from /home/nicolas/ruby/hydro/watershed/package.json
6 verbose install where, deps [ '/home/nicolas/ruby/hydro/watershed', [] ]
7 verbose install where, peers [ '/home/nicolas/ruby/hydro/watershed', [] ]
8 verbose installManyTop reading for lifecycle /home/nicolas/ruby/hydro/watershed/package.json
9 info preinstall watershed@0.0.0-dev
10 verbose readDependencies loading dependencies from /home/nicolas/ruby/hydro/watershed/package.json
11 silly install resolved []
12 info build /home/nicolas/ruby/hydro/watershed
13 info linkStuff watershed@0.0.0-dev
14 silly linkStuff watershed@0.0.0-dev has /home/nicolas/ruby/hydro as its parent node_modules
15 verbose linkBins watershed@0.0.0-dev
16 verbose linkMans watershed@0.0.0-dev
17 verbose rebuildBundles watershed@0.0.0-dev
18 info install watershed@0.0.0-dev
19 info postinstall watershed@0.0.0-dev
20 verbose unsafe-perm in lifecycle true
21 info watershed@0.0.0-dev Failed to exec postinstall script
22 verbose stack Error: watershed@0.0.0-dev postinstall: `cd client && npm install`
22 verbose stack Exit status 1
22 verbose stack     at EventEmitter.<anonymous> (/usr/lib/node_modules/npm/lib/utils/lifecycle.js:214:16)
22 verbose stack     at EventEmitter.emit (events.js:110:17)
22 verbose stack     at ChildProcess.<anonymous> (/usr/lib/node_modules/npm/lib/utils/spawn.js:24:14)
22 verbose stack     at ChildProcess.emit (events.js:110:17)
22 verbose stack     at maybeClose (child_process.js:1016:16)
22 verbose stack     at Process.ChildProcess._handle.onexit (child_process.js:1088:5)
23 verbose pkgid watershed@0.0.0-dev
24 verbose cwd /home/nicolas/ruby/hydro/watershed
25 error Linux 3.16.0-4-amd64
26 error argv "/usr/bin/node" "/usr/bin/npm" "install"
27 error node v0.12.9
28 error npm  v2.14.9
29 error code ELIFECYCLE
30 error watershed@0.0.0-dev postinstall: `cd client && npm install`
30 error Exit status 1
31 error Failed at the watershed@0.0.0-dev postinstall script 'cd client && npm install'.
31 error This is most likely a problem with the watershed package,
31 error not with npm itself.
31 error Tell the author that this fails on your system:
31 error     cd client && npm install
31 error You can get their info via:
31 error     npm owner ls watershed
31 error There is likely additional logging output above.
32 verbose exit [ 1, true ]
